0 info it worked if it ends with ok
1 verbose cli [ '/Users/nassos/.nvm/v0.10.10/bin/node',
1 verbose cli   '/Users/nassos/.nvm/v0.10.10/bin/npm',
1 verbose cli   'link' ]
2 info using npm@1.2.25
3 info using node@v0.10.10
4 verbose linkPkg /Users/nassos/workspace/trucker
5 verbose read json /Users/nassos/workspace/trucker/package.json
6 error Error: ENOENT, open '/Users/nassos/workspace/trucker/package.json'
7 error If you need help, you may report this log at:
7 error     <http://github.com/isaacs/npm/issues>
7 error or email it to:
7 error     <npm-@googlegroups.com>
8 error System Darwin 12.5.0
9 error command "/Users/nassos/.nvm/v0.10.10/bin/node" "/Users/nassos/.nvm/v0.10.10/bin/npm" "link"
10 error cwd /Users/nassos/workspace/trucker/trucker-wiki-content
11 error node -v v0.10.10
12 error npm -v 1.2.25
13 error path /Users/nassos/workspace/trucker/package.json
14 error code ENOENT
15 error errno 34
16 verbose exit [ 34, true ]
